<?xml version="1.0" encoding="UTF-8"?>
<TestRun id="3de73200-3f7f-455e-884b-7acb4588b7d0" name="Administrator@BIZTALK2016 2018-07-08 11:28:06" runUser="BIZTALK2016\Administrator" xmlns="http://microsoft.com/schemas/VisualStudio/TeamTest/2010">
  <TestSettings name="Local" id="29079776-b6c5-432c-94a8-b6fb10257106">
    <Description>These are default test settings for a local test run.</Description>
    <Execution>
      <TestTypeSpecific />
      <AgentRule name="Execution Agents">
      </AgentRule>
    </Execution>
    <Deployment runDeploymentRoot="Administrator_BIZTALK2016 2018-07-08 11_28_06" />
    <Properties>
      <Property name="TestSettingsUIType" value="LoadTest" />
    </Properties>
  </TestSettings>
  <Times creation="2018-07-08T11:28:06.2466535-07:00" queuing="2018-07-08T11:28:06.5256458-07:00" start="2018-07-08T11:28:06.6186360-07:00" finish="2018-07-08T11:28:20.1548321-07:00" />
  <ResultSummary outcome="Aborted">
    <Counters total="1" executed="1" error="0" failed="0" timeout="0" aborted="1" inconclusive="0" passedButRunAborted="0" notRunnable="0" notExecuted="0" disconnected="0" warning="0" passed="0" completed="0" inProgress="0" pending="0" />
  </ResultSummary>
  <TestDefinitions>
    <WebTest name="WebTest1" storage="c:\apress\chapter8\loadtestwebservicebookorders\loadtestwebservicebookorders\loadtestwebservicebookorders\webtest1.webtest" id="0c340801-5612-483e-a4f3-73c326f1fc79" persistedWebTest="77u/PD94bWwgdmVyc2lvbj0iMS4wIiBlbmNvZGluZz0iVVRGLTgiIHN0YW5kYWxvbmU9InllcyI/Pg0KPFdlYlRlc3QgTmFtZT0iV2ViVGVzdDEiIElkPSIwYzM0MDgwMS01NjEyLTQ4M2UtYTRmMy03M2MzMjZmMWZjNzkiIE93bmVyPSIiIFByaW9yaXR5PSIyMTQ3NDgzNjQ3IiBFbmFibGVkPSJUcnVlIiBDc3NQcm9qZWN0U3RydWN0dXJlPSIiIENzc0l0ZXJhdGlvbj0iIiBUaW1lb3V0PSIwIiBXb3JrSXRlbUlkcz0iIiB4bWxucz0iaHR0cDovL21pY3Jvc29mdC5jb20vc2NoZW1hcy9WaXN1YWxTdHVkaW8vVGVhbVRlc3QvMjAxMCIgRGVzY3JpcHRpb249IiIgQ3JlZGVudGlhbFVzZXJOYW1lPSIiIENyZWRlbnRpYWxQYXNzd29yZD0iIiBQcmVBdXRoZW50aWNhdGU9IlRydWUiIFByb3h5PSJkZWZhdWx0IiBTdG9wT25FcnJvcj0iRmFsc2UiIFJlY29yZGVkUmVzdWx0RmlsZT0iIiBSZXN1bHRzTG9jYWxlPSIiPg0KICA8SXRlbXM+DQogICAgPFJlcXVlc3QgTWV0aG9kPSJQT1NUIiBHdWlkPSJmMGFkNzdmYi0zODYwLTQ4NDAtODJmNy1jMWU1NDJiYzFhODgiIFZlcnNpb249IjEuMSIgVXJsPSJodHRwOi8vbG9jYWxob3N0L1dlYlNlcnZpY2VCb29rT3JkZXJzL1dlYlNlcnZpY2VCb29rT3JkZXJzX29yY0Jvb2tPcmRlcnNfUG9ydF9XZWJCb29rT3JkZXJzLnN2YyIgVGhpbmtUaW1lPSIwIiBUaW1lb3V0PSIzMDAiIFBhcnNlRGVwZW5kZW50UmVxdWVzdHM9IlRydWUiIEZvbGxvd1JlZGlyZWN0cz0iVHJ1ZSIgUmVjb3JkUmVzdWx0PSJUcnVlIiBDYWNoZT0iRmFsc2UiIFJlc3BvbnNlVGltZUdvYWw9IjAiIEVuY29kaW5nPSJ1dGYtOCIgRXhwZWN0ZWRIdHRwU3RhdHVzQ29kZT0iMCIgRXhwZWN0ZWRSZXNwb25zZVVybD0iIiBSZXBvcnRpbmdOYW1lPSIiIElnbm9yZUh0dHBTdGF0dXNDb2RlPSJGYWxzZSI+DQogICAgICA8SGVhZGVycz4NCiAgICAgICAgPEhlYWRlciBOYW1lPSJTb2FwQWN0aW9uIiBWYWx1ZT0iV2ViQm9va09yZGVycyIgLz4NCiAgICAgIDwvSGVhZGVycz4NCiAgICAgIDxTdHJpbmdIdHRwQm9keSBDb250ZW50VHlwZT0idGV4dC94bWwiIEluc2VydEJ5dGVPcmRlck1hcms9IkZhbHNlIj5QQUJ6QUc4QVlRQndBR1VBYmdCMkFEb0FSUUJ1QUhZQVpRQnNBRzhBY0FCbEFDQUFlQUJ0QUd3QWJnQnpBRG9BY3dCdkFHRUFjQUJsQUc0QWRnQTlBQ0lBYUFCMEFIUUFjQUE2QUM4QUx3QnpBR01BYUFCbEFHMEFZUUJ6QUM0QWVBQnRBR3dBY3dCdkFHRUFjQUF1QUc4QWNnQm5BQzhBY3dCdkFHRUFjQUF2QUdVQWJnQjJBR1VBYkFCdkFIQUFaUUF2QUNJQUlBQjRBRzBBYkFCdUFITUFPZ0IzQUdVQVlnQTlBQ0lBYUFCMEFIUUFjQUE2QUM4QUx3QlhBR1VBWWdCVEFHVUFjZ0IyQUdrQVl3QmxBRUlBYndCdkFHc0FUd0J5QUdRQVpRQnlBSE1BTGdCQ0FHOEFid0JyQUU4QWNnQmtBR1VBY2dCU0FHVUFjUUIxQUdVQWN3QjBBQ0lBUGdBTkFBb0FJQUFnQUNBQVBBQnpBRzhBWVFCd0FHVUFiZ0IyQURvQVNBQmxBR0VBWkFCbEFISUFMd0ErQUEwQUNnQWdBQ0FBSUFBOEFITUFid0JoQUhBQVpRQnVBSFlBT2dCQ0FHOEFaQUI1QUQ0QURRQUtBQ0FBSUFBZ0FDQUFJQUFnQUR3QWR3QmxBR0lBT2dCQ0FHOEFid0JyQUU4QWNnQmtBR1VBY2dCU0FHVUFjUUIxQUdVQWN3QjBBRDRBRFFBS0FDQUFJQUFnQUNBQUlBQWdBQ0FBSUFBZ0FEd0FUd0J5QUdRQVpRQnlBRVFBWVFCMEFHVUFQZ0F6QURRQU5RQXpBRFFBTlFBOEFDOEFUd0J5QUdRQVpRQnlBRVFBWVFCMEFHVUFQZ0FOQUFvQUlBQWdBQ0FBSUFBZ0FDQUFJQUFnQUNBQVBBQkRBSFVBY3dCMEFHOEFiUUJsQUhJQVNRQmtBRDRBTXdBMEFEVUFNd0EwQURVQU13QTBBRHdBTHdCREFIVUFjd0IwQUc4QWJRQmxBSElBU1FCa0FENEFEUUFLQUNBQUlBQWdBQ0FBSUFBZ0FDQUFJQUFnQUR3QVZBQnZBSFFBWVFCc0FFRUFiUUJ2QUhVQWJnQjBBRDRBTkFBMUFEWUFOQUExQURZQU5BQTFBRHdBTHdCVUFHOEFkQUJoQUd3QVFRQnRBRzhBZFFCdUFIUUFQZ0FOQUFvQUlBQWdBQ0FBSUFBZ0FDQUFJQUFnQUNBQVBBQkVBR1VBY3dCakFISUFhUUJ3QUhRQWFRQnZBRzRBUGdBekFEUUFOUUF6QURRQU5RQXpBRFFBUEFBdkFFUUFaUUJ6QUdNQWNnQnBBSEFBZEFCcEFHOEFiZ0ErQUEwQUNnQWdBQ0FBSUFBZ0FDQUFJQUFnQUNBQUlBQThBR2tBY3dCV0FFa0FVQUErQURFQVBBQXZBR2tBY3dCV0FFa0FVQUErQUEwQUNnQWdBQ0FBSUFBZ0FDQUFJQUFnQUNBQUlBQThBRThBY2dCa0FHVUFjZ0JKQUdRQVBnQXpBRElBTkFBeUFETUFOQUE4QUM4QVR3QnlBR1FBWlFCeUFFa0FaQUErQUEwQUNnQWdBQ0FBSUFBZ0FDQUFJQUE4QUM4QWR3QmxBR0lBT2dCQ0FHOEFid0JyQUU4QWNnQmtBR1VBY2dCU0FHVUFjUUIxQUdVQWN3QjBBRDRBRFFBS0FDQUFJQUFnQUR3QUx3QnpBRzhBWVFCd0FHVUFiZ0IyQURvQVFnQnZBR1FBZVFBK0FBMEFDZ0E4QUM4QWN3QnZBR0VBY0FCbEFHNEFkZ0E2QUVVQWJnQjJBR1VBYkFCdkFIQUFaUUErQUE9PTwvU3RyaW5nSHR0cEJvZHk+DQogICAgPC9SZXF1ZXN0Pg0KICA8L0l0ZW1zPg0KICA8RGF0YVNvdXJjZXM+DQogICAgPERhdGFTb3VyY2UgTmFtZT0iQm9va09yZGVycyIgUHJvdmlkZXI9Ik1pY3Jvc29mdC5WaXN1YWxTdHVkaW8uVGVzdFRvb2xzLkRhdGFTb3VyY2UuQ1NWIiBDb25uZWN0aW9uPSJ8RGF0YURpcmVjdG9yeXxcV2ViU2VydmljZUJvb2tPcmRlcnNSZXF1ZXN0cy5jc3YiPg0KICAgICAgPFRhYmxlcz4NCiAgICAgICAgPERhdGFTb3VyY2VUYWJsZSBOYW1lPSJXZWJTZXJ2aWNlQm9va09yZGVyc1JlcXVlc3RzI2NzdiIgU2VsZWN0Q29sdW1ucz0iU2VsZWN0T25seUJvdW5kQ29sdW1ucyIgQWNjZXNzTWV0aG9kPSJTZXF1ZW50aWFsIiAvPg0KICAgICAgPC9UYWJsZXM+DQogICAgPC9EYXRhU291cmNlPg0KICA8L0RhdGFTb3VyY2VzPg0KPC9XZWJUZXN0Pg==">
      <Execution id="6f1c00cc-58ee-4c73-b34e-66416b56fc14" />
    </WebTest>
  </TestDefinitions>
  <TestLists>
    <TestList name="Results Not in a List" id="8c84fa94-04c1-424b-9868-57a2d4851a1d" />
    <TestList name="All Loaded Results" id="19431567-8539-422a-85d7-44ee4e166bda" />
  </TestLists>
  <TestEntries>
    <TestEntry isTransparent="false" testId="0c340801-5612-483e-a4f3-73c326f1fc79" executionId="6f1c00cc-58ee-4c73-b34e-66416b56fc14" testListId="8c84fa94-04c1-424b-9868-57a2d4851a1d" />
  </TestEntries>
  <Results>
    <WebTestResult executionId="6f1c00cc-58ee-4c73-b34e-66416b56fc14" testId="0c340801-5612-483e-a4f3-73c326f1fc79" testName="WebTest1" computerName="BIZTALK2016" duration="00:00:00.6685060" startTime="2018-07-08T11:28:06.6646383-07:00" endTime="2018-07-08T11:28:20.1418331-07:00" testType="4e7599fa-5ecb-43e9-a887-cd63cf72d207" outcome="Aborted" testListId="8c84fa94-04c1-424b-9868-57a2d4851a1d" relativeResultsDirectory="6f1c00cc-58ee-4c73-b34e-66416b56fc14">
      <TestSettings name="Local" id="29079776-b6c5-432c-94a8-b6fb10257106">
        <Description>These are default test settings for a local test run.</Description>
        <Execution>
          <TestTypeSpecific>
            <WebTestRunConfiguration testTypeId="4e7599fa-5ecb-43e9-a887-cd63cf72d207">
              <Browser name="Internet Explorer 9.0" MaxConnections="6">
                <Headers>
                  <Header name="User-Agent" value="Mozilla/5.0 (compatible; MSIE 9.0; Windows NT 6.1; Trident/5.0)" />
                  <Header name="Accept" value="*/*" />
                  <Header name="Accept-Language" value="{{$IEAcceptLanguage}}" />
                  <Header name="Accept-Encoding" value="GZIP" />
                </Headers>
              </Browser>
            </WebTestRunConfiguration>
          </TestTypeSpecific>
          <AgentRule name="Execution Agents">
          </AgentRule>
        </Execution>
        <Deployment runDeploymentRoot="Administrator_BIZTALK2016 2018-07-08 11_28_06" />
        <Properties>
          <Property name="TestSettingsUIType" value="LoadTest" />
        </Properties>
      </TestSettings>
      <WebTestResultFilePath>
      </WebTestResultFilePath>
    </WebTestResult>
  </Results>
</TestRun>