<?xml version="1.0" encoding="UTF-8"?>
<TestRun id="d17d80b7-76da-475b-bdbf-151e7ecf4426" name="Administrator@BIZTALK2016 2018-07-08 11:29:58" runUser="BIZTALK2016\Administrator" xmlns="http://microsoft.com/schemas/VisualStudio/TeamTest/2010">
  <TestSettings name="Local" id="29079776-b6c5-432c-94a8-b6fb10257106">
    <Description>These are default test settings for a local test run.</Description>
    <Execution>
      <TestTypeSpecific />
      <AgentRule name="Execution Agents">
      </AgentRule>
    </Execution>
    <Deployment runDeploymentRoot="Administrator_BIZTALK2016 2018-07-08 11_29_58" />
    <Properties>
      <Property name="TestSettingsUIType" value="LoadTest" />
    </Properties>
  </TestSettings>
  <Times creation="2018-07-08T11:29:58.5405156-07:00" queuing="2018-07-08T11:29:58.7525216-07:00" start="2018-07-08T11:29:58.8675223-07:00" finish="2018-07-08T11:30:09.7746600-07:00" />
  <ResultSummary outcome="Aborted">
    <Counters total="1" executed="1" error="0" failed="0" timeout="0" aborted="1" inconclusive="0" passedButRunAborted="0" notRunnable="0" notExecuted="0" disconnected="0" warning="0" passed="0" completed="0" inProgress="0" pending="0" />
  </ResultSummary>
  <TestDefinitions>
    <WebTest name="WebTest1" storage="c:\apress\chapter8\loadtestwebservicebookorders\loadtestwebservicebookorders\loadtestwebservicebookorders\webtest1.webtest" id="0c340801-5612-483e-a4f3-73c326f1fc79" persistedWebTest="77u/PD94bWwgdmVyc2lvbj0iMS4wIiBlbmNvZGluZz0iVVRGLTgiIHN0YW5kYWxvbmU9InllcyI/Pg0KPFdlYlRlc3QgTmFtZT0iV2ViVGVzdDEiIElkPSIwYzM0MDgwMS01NjEyLTQ4M2UtYTRmMy03M2MzMjZmMWZjNzkiIE93bmVyPSIiIFByaW9yaXR5PSIyMTQ3NDgzNjQ3IiBFbmFibGVkPSJUcnVlIiBDc3NQcm9qZWN0U3RydWN0dXJlPSIiIENzc0l0ZXJhdGlvbj0iIiBUaW1lb3V0PSIwIiBXb3JrSXRlbUlkcz0iIiB4bWxucz0iaHR0cDovL21pY3Jvc29mdC5jb20vc2NoZW1hcy9WaXN1YWxTdHVkaW8vVGVhbVRlc3QvMjAxMCIgRGVzY3JpcHRpb249IiIgQ3JlZGVudGlhbFVzZXJOYW1lPSIiIENyZWRlbnRpYWxQYXNzd29yZD0iIiBQcmVBdXRoZW50aWNhdGU9IlRydWUiIFByb3h5PSJkZWZhdWx0IiBTdG9wT25FcnJvcj0iRmFsc2UiIFJlY29yZGVkUmVzdWx0RmlsZT0iIiBSZXN1bHRzTG9jYWxlPSIiPg0KICA8SXRlbXM+DQogICAgPFJlcXVlc3QgTWV0aG9kPSJQT1NUIiBHdWlkPSJmMGFkNzdmYi0zODYwLTQ4NDAtODJmNy1jMWU1NDJiYzFhODgiIFZlcnNpb249IjEuMSIgVXJsPSJodHRwOi8vbG9jYWxob3N0L1dlYlNlcnZpY2VCb29rT3JkZXJzL1dlYlNlcnZpY2VCb29rT3JkZXJzX29yY0Jvb2tPcmRlcnNfUG9ydF9XZWJCb29rT3JkZXJzLnN2YyIgVGhpbmtUaW1lPSIwIiBUaW1lb3V0PSIzMDAiIFBhcnNlRGVwZW5kZW50UmVxdWVzdHM9IlRydWUiIEZvbGxvd1JlZGlyZWN0cz0iVHJ1ZSIgUmVjb3JkUmVzdWx0PSJUcnVlIiBDYWNoZT0iRmFsc2UiIFJlc3BvbnNlVGltZUdvYWw9IjAiIEVuY29kaW5nPSJ1dGYtOCIgRXhwZWN0ZWRIdHRwU3RhdHVzQ29kZT0iMCIgRXhwZWN0ZWRSZXNwb25zZVVybD0iIiBSZXBvcnRpbmdOYW1lPSIiIElnbm9yZUh0dHBTdGF0dXNDb2RlPSJGYWxzZSI+DQogICAgICA8SGVhZGVycz4NCiAgICAgICAgPEhlYWRlciBOYW1lPSJTb2FwQWN0aW9uIiBWYWx1ZT0iV2ViQm9va09yZGVycyIgLz4NCiAgICAgIDwvSGVhZGVycz4NCiAgICAgIDxTdHJpbmdIdHRwQm9keSBDb250ZW50VHlwZT0idGV4dC94bWwiIEluc2VydEJ5dGVPcmRlck1hcms9IkZhbHNlIj5QQUJ6QUc4QVlRQndBR1VBYmdCMkFEb0FSUUJ1QUhZQVpRQnNBRzhBY0FCbEFDQUFlQUJ0QUd3QWJnQnpBRG9BY3dCdkFHRUFjQUJsQUc0QWRnQTlBQ0lBYUFCMEFIUUFjQUE2QUM4QUx3QnpBR01BYUFCbEFHMEFZUUJ6QUM0QWVBQnRBR3dBY3dCdkFHRUFjQUF1QUc4QWNnQm5BQzhBY3dCdkFHRUFjQUF2QUdVQWJnQjJBR1VBYkFCdkFIQUFaUUF2QUNJQUlBQjRBRzBBYkFCdUFITUFPZ0IzQUdVQVlnQTlBQ0lBYUFCMEFIUUFjQUE2QUM4QUx3QlhBR1VBWWdCVEFHVUFjZ0IyQUdrQVl3QmxBRUlBYndCdkFHc0FUd0J5QUdRQVpRQnlBSE1BTGdCQ0FHOEFid0JyQUU4QWNnQmtBR1VBY2dCU0FHVUFjUUIxQUdVQWN3QjBBQ0lBUGdBTkFBb0FJQUFnQUNBQVBBQnpBRzhBWVFCd0FHVUFiZ0IyQURvQVNBQmxBR0VBWkFCbEFISUFMd0ErQUEwQUNnQWdBQ0FBSUFBOEFITUFid0JoQUhBQVpRQnVBSFlBT2dCQ0FHOEFaQUI1QUQ0QURRQUtBQ0FBSUFBZ0FDQUFJQUFnQUR3QWR3QmxBR0lBT2dCQ0FHOEFid0JyQUU4QWNnQmtBR1VBY2dCU0FHVUFjUUIxQUdVQWN3QjBBRDRBRFFBS0FDQUFJQUFnQUNBQUlBQWdBQ0FBSUFBZ0FEd0FUd0J5QUdRQVpRQnlBRVFBWVFCMEFHVUFQZ0I3QUhzQVFnQnZBRzhBYXdCUEFISUFaQUJsQUhJQWN3QXVBRmNBWlFCaUFGTUFaUUJ5QUhZQWFRQmpBR1VBUWdCdkFHOEFhd0JQQUhJQVpBQmxBSElBY3dCU0FHVUFjUUIxQUdVQWN3QjBBSE1BSXdCakFITUFkZ0F1QUU4QWNnQmtBR1VBY2dCRUFHRUFkQUJsQUgwQWZRQThBQzhBVHdCeUFHUUFaUUJ5QUVRQVlRQjBBR1VBUGdBTkFBb0FJQUFnQUNBQUlBQWdBQ0FBSUFBZ0FDQUFQQUJEQUhVQWN3QjBBRzhBYlFCbEFISUFTUUJrQUQ0QWV3QjdBRUlBYndCdkFHc0FUd0J5QUdRQVpRQnlBSE1BTGdCWEFHVUFZZ0JUQUdVQWNnQjJBR2tBWXdCbEFFSUFid0J2QUdzQVR3QnlBR1FBWlFCeUFITUFVZ0JsQUhFQWRRQmxBSE1BZEFCekFDTUFZd0J6QUhZQUxnQkRBSFVBY3dCMEFHOEFiUUJsQUhJQVNRQmtBSDBBZlFBOEFDOEFRd0IxQUhNQWRBQnZBRzBBWlFCeUFFa0FaQUErQUEwQUNnQWdBQ0FBSUFBZ0FDQUFJQUFnQUNBQUlBQThBRlFBYndCMEFHRUFiQUJCQUcwQWJ3QjFBRzRBZEFBK0FEUUFOUUEyQURRQU5RQTJBRFFBTlFBOEFDOEFWQUJ2QUhRQVlRQnNBRUVBYlFCdkFIVUFiZ0IwQUQ0QURRQUtBQ0FBSUFBZ0FDQUFJQUFnQUNBQUlBQWdBRHdBUkFCbEFITUFZd0J5QUdrQWNBQjBBR2tBYndCdUFENEFNd0EwQURVQU13QTBBRFVBTXdBMEFEd0FMd0JFQUdVQWN3QmpBSElBYVFCd0FIUUFhUUJ2QUc0QVBnQU5BQW9BSUFBZ0FDQUFJQUFnQUNBQUlBQWdBQ0FBUEFCcEFITUFWZ0JKQUZBQVBnQXhBRHdBTHdCcEFITUFWZ0JKQUZBQVBnQU5BQW9BSUFBZ0FDQUFJQUFnQUNBQUlBQWdBQ0FBUEFCUEFISUFaQUJsQUhJQVNRQmtBRDRBTXdBeUFEUUFNZ0F6QURRQVBBQXZBRThBY2dCa0FHVUFjZ0JKQUdRQVBnQU5BQW9BSUFBZ0FDQUFJQUFnQUNBQVBBQXZBSGNBWlFCaUFEb0FRZ0J2QUc4QWF3QlBBSElBWkFCbEFISUFVZ0JsQUhFQWRRQmxBSE1BZEFBK0FBMEFDZ0FnQUNBQUlBQThBQzhBY3dCdkFHRUFjQUJsQUc0QWRnQTZBRUlBYndCa0FIa0FQZ0FOQUFvQVBBQXZBSE1BYndCaEFIQUFaUUJ1QUhZQU9nQkZBRzRBZGdCbEFHd0Fid0J3QUdVQVBnQT08L1N0cmluZ0h0dHBCb2R5Pg0KICAgIDwvUmVxdWVzdD4NCiAgPC9JdGVtcz4NCiAgPERhdGFTb3VyY2VzPg0KICAgIDxEYXRhU291cmNlIE5hbWU9IkJvb2tPcmRlcnMiIFByb3ZpZGVyPSJNaWNyb3NvZnQuVmlzdWFsU3R1ZGlvLlRlc3RUb29scy5EYXRhU291cmNlLkNTViIgQ29ubmVjdGlvbj0ifERhdGFEaXJlY3Rvcnl8XFdlYlNlcnZpY2VCb29rT3JkZXJzUmVxdWVzdHMuY3N2Ij4NCiAgICAgIDxUYWJsZXM+DQogICAgICAgIDxEYXRhU291cmNlVGFibGUgTmFtZT0iV2ViU2VydmljZUJvb2tPcmRlcnNSZXF1ZXN0cyNjc3YiIFNlbGVjdENvbHVtbnM9IlNlbGVjdE9ubHlCb3VuZENvbHVtbnMiIEFjY2Vzc01ldGhvZD0iU2VxdWVudGlhbCIgLz4NCiAgICAgIDwvVGFibGVzPg0KICAgIDwvRGF0YVNvdXJjZT4NCiAgPC9EYXRhU291cmNlcz4NCjwvV2ViVGVzdD4=">
      <Execution id="29407a92-61ba-4d3b-bd6a-ce79a3fe8122" />
    </WebTest>
  </TestDefinitions>
  <TestLists>
    <TestList name="Results Not in a List" id="8c84fa94-04c1-424b-9868-57a2d4851a1d" />
    <TestList name="All Loaded Results" id="19431567-8539-422a-85d7-44ee4e166bda" />
  </TestLists>
  <TestEntries>
    <TestEntry isTransparent="false" testId="0c340801-5612-483e-a4f3-73c326f1fc79" executionId="29407a92-61ba-4d3b-bd6a-ce79a3fe8122" testListId="8c84fa94-04c1-424b-9868-57a2d4851a1d" />
  </TestEntries>
  <Results>
    <WebTestResult executionId="29407a92-61ba-4d3b-bd6a-ce79a3fe8122" testId="0c340801-5612-483e-a4f3-73c326f1fc79" testName="WebTest1" computerName="BIZTALK2016" duration="00:00:00.5389312" startTime="2018-07-08T11:29:58.9064966-07:00" endTime="2018-07-08T11:30:09.7616486-07:00" testType="4e7599fa-5ecb-43e9-a887-cd63cf72d207" outcome="Aborted" testListId="8c84fa94-04c1-424b-9868-57a2d4851a1d" relativeResultsDirectory="29407a92-61ba-4d3b-bd6a-ce79a3fe8122" dataRowCount="15">
      <TestSettings name="Local" id="29079776-b6c5-432c-94a8-b6fb10257106">
        <Description>These are default test settings for a local test run.</Description>
        <Execution>
          <TestTypeSpecific>
            <WebTestRunConfiguration testTypeId="4e7599fa-5ecb-43e9-a887-cd63cf72d207">
              <Browser name="Internet Explorer 9.0" MaxConnections="6">
                <Headers>
                  <Header name="User-Agent" value="Mozilla/5.0 (compatible; MSIE 9.0; Windows NT 6.1; Trident/5.0)" />
                  <Header name="Accept" value="*/*" />
                  <Header name="Accept-Language" value="{{$IEAcceptLanguage}}" />
                  <Header name="Accept-Encoding" value="GZIP" />
                </Headers>
              </Browser>
            </WebTestRunConfiguration>
          </TestTypeSpecific>
          <AgentRule name="Execution Agents">
          </AgentRule>
        </Execution>
        <Deployment runDeploymentRoot="Administrator_BIZTALK2016 2018-07-08 11_29_58" />
        <Properties>
          <Property name="TestSettingsUIType" value="LoadTest" />
        </Properties>
      </TestSettings>
      <WebTestResultFilePath>
      </WebTestResultFilePath>
    </WebTestResult>
  </Results>
</TestRun>