<?xml version="1.0" encoding="UTF-8"?>
<TestRun id="e7cc91d4-127f-4333-abc7-903656f879ff" name="Administrator@BIZTALK2016 2018-07-08 11:42:54" runUser="BIZTALK2016\Administrator" xmlns="http://microsoft.com/schemas/VisualStudio/TeamTest/2010">
  <TestSettings name="Local" id="29079776-b6c5-432c-94a8-b6fb10257106">
    <Description>These are default test settings for a local test run.</Description>
    <Execution>
      <TestTypeSpecific />
      <AgentRule name="Execution Agents">
      </AgentRule>
    </Execution>
    <Deployment runDeploymentRoot="Administrator_BIZTALK2016 2018-07-08 11_42_54" />
    <Properties>
      <Property name="TestSettingsUIType" value="LoadTest" />
    </Properties>
  </TestSettings>
  <Times creation="2018-07-08T11:42:54.9101362-07:00" queuing="2018-07-08T11:43:01.1566584-07:00" start="2018-07-08T11:43:01.2496199-07:00" finish="2018-07-08T11:43:01.5119049-07:00" />
  <ResultSummary outcome="Error">
    <Counters total="1" executed="1" error="1" failed="0" timeout="0" aborted="0" inconclusive="0" passedButRunAborted="0" notRunnable="0" notExecuted="0" disconnected="0" warning="0" passed="0" completed="0" inProgress="0" pending="0" />
  </ResultSummary>
  <TestDefinitions>
    <WebTest name="WebTest1" storage="c:\apress\chapter8\loadtestwebservicebookorders\loadtestwebservicebookorders\loadtestwebservicebookorders\webtest1.webtest" id="0c340801-5612-483e-a4f3-73c326f1fc79" persistedWebTest="77u/PD94bWwgdmVyc2lvbj0iMS4wIiBlbmNvZGluZz0iVVRGLTgiIHN0YW5kYWxvbmU9InllcyI/Pg0KPFdlYlRlc3QgTmFtZT0iV2ViVGVzdDEiIElkPSIwYzM0MDgwMS01NjEyLTQ4M2UtYTRmMy03M2MzMjZmMWZjNzkiIE93bmVyPSIiIFByaW9yaXR5PSIyMTQ3NDgzNjQ3IiBFbmFibGVkPSJUcnVlIiBDc3NQcm9qZWN0U3RydWN0dXJlPSIiIENzc0l0ZXJhdGlvbj0iIiBUaW1lb3V0PSIwIiBXb3JrSXRlbUlkcz0iIiB4bWxucz0iaHR0cDovL21pY3Jvc29mdC5jb20vc2NoZW1hcy9WaXN1YWxTdHVkaW8vVGVhbVRlc3QvMjAxMCIgRGVzY3JpcHRpb249IiIgQ3JlZGVudGlhbFVzZXJOYW1lPSIiIENyZWRlbnRpYWxQYXNzd29yZD0iIiBQcmVBdXRoZW50aWNhdGU9IlRydWUiIFByb3h5PSJkZWZhdWx0IiBTdG9wT25FcnJvcj0iRmFsc2UiIFJlY29yZGVkUmVzdWx0RmlsZT0iIiBSZXN1bHRzTG9jYWxlPSIiPg0KICA8SXRlbXM+DQogICAgPFJlcXVlc3QgTWV0aG9kPSJQT1NUIiBHdWlkPSJmMGFkNzdmYi0zODYwLTQ4NDAtODJmNy1jMWU1NDJiYzFhODgiIFZlcnNpb249IjEuMSIgVXJsPSJodHRwOi8vbG9jYWxob3N0L1dlYlNlcnZpY2VCb29rT3JkZXJzL1dlYlNlcnZpY2VCb29rT3JkZXJzX29yY0Jvb2tPcmRlcnNfUG9ydF9XZWJCb29rT3JkZXJzLnN2YyIgVGhpbmtUaW1lPSIwIiBUaW1lb3V0PSIzMDAiIFBhcnNlRGVwZW5kZW50UmVxdWVzdHM9IlRydWUiIEZvbGxvd1JlZGlyZWN0cz0iVHJ1ZSIgUmVjb3JkUmVzdWx0PSJUcnVlIiBDYWNoZT0iRmFsc2UiIFJlc3BvbnNlVGltZUdvYWw9IjAiIEVuY29kaW5nPSJ1dGYtOCIgRXhwZWN0ZWRIdHRwU3RhdHVzQ29kZT0iMCIgRXhwZWN0ZWRSZXNwb25zZVVybD0iIiBSZXBvcnRpbmdOYW1lPSIiIElnbm9yZUh0dHBTdGF0dXNDb2RlPSJGYWxzZSI+DQogICAgICA8SGVhZGVycz4NCiAgICAgICAgPEhlYWRlciBOYW1lPSJTb2FwQWN0aW9uIiBWYWx1ZT0iV2ViQm9va09yZGVycyIgLz4NCiAgICAgIDwvSGVhZGVycz4NCiAgICAgIDxTdHJpbmdIdHRwQm9keSBDb250ZW50VHlwZT0idGV4dC94bWwiIEluc2VydEJ5dGVPcmRlck1hcms9IkZhbHNlIj5QQUJ6QUc4QVlRQndBR1VBYmdCMkFEb0FSUUJ1QUhZQVpRQnNBRzhBY0FCbEFDQUFlQUJ0QUd3QWJnQnpBRG9BY3dCdkFHRUFjQUJsQUc0QWRnQTlBQ0lBYUFCMEFIUUFjQUE2QUM4QUx3QnpBR01BYUFCbEFHMEFZUUJ6QUM0QWVBQnRBR3dBY3dCdkFHRUFjQUF1QUc4QWNnQm5BQzhBY3dCdkFHRUFjQUF2QUdVQWJnQjJBR1VBYkFCdkFIQUFaUUF2QUNJQUlBQjRBRzBBYkFCdUFITUFPZ0IzQUdVQVlnQTlBQ0lBYUFCMEFIUUFjQUE2QUM4QUx3QlhBR1VBWWdCVEFHVUFjZ0IyQUdrQVl3QmxBRUlBYndCdkFHc0FUd0J5QUdRQVpRQnlBSE1BTGdCQ0FHOEFid0JyQUU4QWNnQmtBR1VBY2dCU0FHVUFjUUIxQUdVQWN3QjBBQ0lBUGdBTkFBb0FJQUFnQUNBQVBBQnpBRzhBWVFCd0FHVUFiZ0IyQURvQVNBQmxBR0VBWkFCbEFISUFMd0ErQUEwQUNnQWdBQ0FBSUFBOEFITUFid0JoQUhBQVpRQnVBSFlBT2dCQ0FHOEFaQUI1QUQ0QURRQUtBQ0FBSUFBZ0FDQUFJQUFnQUR3QWR3QmxBR0lBT2dCQ0FHOEFid0JyQUU4QWNnQmtBR1VBY2dCU0FHVUFjUUIxQUdVQWN3QjBBRDRBRFFBS0FDQUFJQUFnQUNBQUlBQWdBQ0FBSUFBZ0FEd0FUd0J5QUdRQVpRQnlBRVFBWVFCMEFHVUFQZ0I3QUhzQVFnQnZBRzhBYXdCUEFISUFaQUJsQUhJQWN3QXVBRmNBWlFCaUFGTUFaUUJ5QUhZQWFRQmpBR1VBUWdCdkFHOEFhd0JQQUhJQVpBQmxBSElBY3dCU0FHVUFjUUIxQUdVQWN3QjBBSE1BSXdCakFITUFkZ0F1QUU4QWNnQmtBR1VBY2dCRUFHRUFkQUJsQUgwQWZRQThBQzhBVHdCeUFHUUFaUUJ5QUVRQVlRQjBBR1VBUGdBTkFBb0FJQUFnQUNBQUlBQWdBQ0FBSUFBZ0FDQUFQQUJEQUhVQWN3QjBBRzhBYlFCbEFISUFTUUJrQUQ0QWV3QjdBRUlBYndCdkFHc0FUd0J5QUdRQVpRQnlBSE1BTGdCWEFHVUFZZ0JUQUdVQWNnQjJBR2tBWXdCbEFFSUFid0J2QUdzQVR3QnlBR1FBWlFCeUFITUFVZ0JsQUhFQWRRQmxBSE1BZEFCekFDTUFZd0J6QUhZQUxnQkRBSFVBY3dCMEFHOEFiUUJsQUhJQVNRQmtBSDBBZlFBOEFDOEFRd0IxQUhNQWRBQnZBRzBBWlFCeUFFa0FaQUErQUEwQUNnQWdBQ0FBSUFBZ0FDQUFJQUFnQUNBQUlBQThBRlFBYndCMEFHRUFiQUJCQUcwQWJ3QjFBRzRBZEFBK0FIc0Fld0JDQUc4QWJ3QnJBRThBY2dCa0FHVUFjZ0J6QUM0QVZ3QmxBR0lBVXdCbEFISUFkZ0JwQUdNQVpRQkNBRzhBYndCckFFOEFjZ0JrQUdVQWNnQnpBRklBWlFCeEFIVUFaUUJ6QUhRQWN3QWpBR01BY3dCMkFDNEFWQUJ2QUhRQVlRQnNBRUVBYlFCdkFIVUFiZ0IwQUgwQWZRQThBQzhBVkFCdkFIUUFZUUJzQUVFQWJRQnZBSFVBYmdCMEFENEFEUUFLQUNBQUlBQWdBQ0FBSUFBZ0FDQUFJQUFnQUR3QVJBQmxBSE1BWXdCeUFHa0FjQUIwQUdrQWJ3QnVBRDRBVkFCbEFITUFkQUJFQUdVQWN3QmpBSElBYVFCd0FIUUFhUUJ2QUc0QVBBQXZBRVFBWlFCekFHTUFjZ0JwQUhBQWRBQnBBRzhBYmdBK0FBMEFDZ0FnQUNBQUlBQWdBQ0FBSUFBZ0FDQUFJQUE4QUdrQWN3QldBRWtBVUFBK0FIc0Fld0JDQUc4QWJ3QnJBRThBY2dCa0FHVUFjZ0J6QUM0QVZ3QmxBR0lBVXdCbEFISUFkZ0JwQUdNQVpRQkNBRzhBYndCckFFOEFjZ0JrQUdVQWNnQnpBRklBWlFCeEFIVUFaUUJ6QUhRQWN3QWpBR01BY3dCMkFDNEFhUUJ6QUZZQVNRQlFBSDBBZlFBOEFDOEFhUUJ6QUZZQVNRQlFBRDRBRFFBS0FEd0FUd0J5QUdRQVpRQnlBRWtBWkFBK0FIc0Fld0JDQUc4QWJ3QnJBRThBY2dCa0FHVUFjZ0J6QUM0QVZ3QmxBR0lBVXdCbEFISUFkZ0JwQUdNQVpRQkNBRzhBYndCckFFOEFjZ0JrQUdVQWNnQnpBRklBWlFCeEFIVUFaUUJ6QUhRQWN3QWpBR01BY3dCMkFDNEFQQUJQQUhJQVpBQmxBSElBU1FCa0FENEFmUUI5QUR3QUx3QlBBSElBWkFCbEFISUFTUUJrQUQ0QURRQUtBQ0FBSUFBZ0FDQUFJQUFnQUR3QUx3QjNBR1VBWWdBNkFFSUFid0J2QUdzQVR3QnlBR1FBWlFCeUFGSUFaUUJ4QUhVQVpRQnpBSFFBUGdBTkFBb0FJQUFnQUNBQVBBQXZBSE1BYndCaEFIQUFaUUJ1QUhZQU9nQkNBRzhBWkFCNUFENEFEUUFLQUR3QUx3QnpBRzhBWVFCd0FHVUFiZ0IyQURvQVJRQnVBSFlBWlFCc0FHOEFjQUJsQUQ0QTwvU3RyaW5nSHR0cEJvZHk+DQogICAgPC9SZXF1ZXN0Pg0KICA8L0l0ZW1zPg0KICA8RGF0YVNvdXJjZXM+DQogICAgPERhdGFTb3VyY2UgTmFtZT0iQm9va09yZGVycyIgUHJvdmlkZXI9Ik1pY3Jvc29mdC5WaXN1YWxTdHVkaW8uVGVzdFRvb2xzLkRhdGFTb3VyY2UuQ1NWIiBDb25uZWN0aW9uPSJ8RGF0YURpcmVjdG9yeXxcV2ViU2VydmljZUJvb2tPcmRlcnNSZXF1ZXN0cy5jc3YiPg0KICAgICAgPFRhYmxlcz4NCiAgICAgICAgPERhdGFTb3VyY2VUYWJsZSBOYW1lPSJXZWJTZXJ2aWNlQm9va09yZGVyc1JlcXVlc3RzI2NzdiIgU2VsZWN0Q29sdW1ucz0iU2VsZWN0T25seUJvdW5kQ29sdW1ucyIgQWNjZXNzTWV0aG9kPSJSYW5kb20iIC8+DQogICAgICA8L1RhYmxlcz4NCiAgICA8L0RhdGFTb3VyY2U+DQogIDwvRGF0YVNvdXJjZXM+DQo8L1dlYlRlc3Q+">
      <Execution id="890c18d9-6602-402d-b25e-125328e8cb20" />
    </WebTest>
  </TestDefinitions>
  <TestLists>
    <TestList name="Results Not in a List" id="8c84fa94-04c1-424b-9868-57a2d4851a1d" />
    <TestList name="All Loaded Results" id="19431567-8539-422a-85d7-44ee4e166bda" />
  </TestLists>
  <TestEntries>
    <TestEntry isTransparent="false" testId="0c340801-5612-483e-a4f3-73c326f1fc79" executionId="890c18d9-6602-402d-b25e-125328e8cb20" testListId="8c84fa94-04c1-424b-9868-57a2d4851a1d" />
  </TestEntries>
  <Results>
    <WebTestResult executionId="890c18d9-6602-402d-b25e-125328e8cb20" testId="0c340801-5612-483e-a4f3-73c326f1fc79" testName="WebTest1" computerName="BIZTALK2016" startTime="2018-07-08T11:43:01.2946191-07:00" endTime="2018-07-08T11:43:01.4869093-07:00" testType="4e7599fa-5ecb-43e9-a887-cd63cf72d207" testListId="8c84fa94-04c1-424b-9868-57a2d4851a1d" relativeResultsDirectory="890c18d9-6602-402d-b25e-125328e8cb20">
      <Output>
        <Exception>Could not access table 'WebServiceBookOrdersRequests#csv' in data source 'BookOrders' of test 'WebTest1,0c340801-5612-483e-a4f3-73c326f1fc79': No value given for one or more required parameters.</Exception>
        <ErrorInfo>
          <Message>Could not run Web test 'WebTest1' on agent 'BIZTALK2016': Could not access table 'WebServiceBookOrdersRequests#csv' in data source 'BookOrders' of test 'WebTest1,0c340801-5612-483e-a4f3-73c326f1fc79': No value given for one or more required parameters.</Message>
        </ErrorInfo>
      </Output>
      <ResultFiles>
        <ResultFile path="WebTest1.webtestResult" />
      </ResultFiles>
      <TestSettings name="Local" id="29079776-b6c5-432c-94a8-b6fb10257106">
        <Description>These are default test settings for a local test run.</Description>
        <Execution>
          <TestTypeSpecific>
            <WebTestRunConfiguration testTypeId="4e7599fa-5ecb-43e9-a887-cd63cf72d207">
              <Browser name="Internet Explorer 9.0" MaxConnections="6">
                <Headers>
                  <Header name="User-Agent" value="Mozilla/5.0 (compatible; MSIE 9.0; Windows NT 6.1; Trident/5.0)" />
                  <Header name="Accept" value="*/*" />
                  <Header name="Accept-Language" value="{{$IEAcceptLanguage}}" />
                  <Header name="Accept-Encoding" value="GZIP" />
                </Headers>
              </Browser>
            </WebTestRunConfiguration>
          </TestTypeSpecific>
          <AgentRule name="Execution Agents">
          </AgentRule>
        </Execution>
        <Deployment runDeploymentRoot="Administrator_BIZTALK2016 2018-07-08 11_42_54" />
        <Properties>
          <Property name="TestSettingsUIType" value="LoadTest" />
        </Properties>
      </TestSettings>
      <WebTestResultFilePath>Administrator_BIZTALK2016 2018-07-08 11_42_54\In\890c18d9-6602-402d-b25e-125328e8cb20\WebTest1.webtestResult</WebTestResultFilePath>
    </WebTestResult>
  </Results>
</TestRun>